
main:     file format elf32-littleriscv
main
architecture: riscv:rv32, flags 0x00000112:
EXEC_P, HAS_SYMS, D_PAGED
start address 0x00000000

Program Header:
    LOAD off    0x00001000 vaddr 0x00000000 paddr 0x00000000 align 2**12
         filesz 0x00000174 memsz 0x00000174 flags r-x
    LOAD off    0x00002000 vaddr 0x00008000 paddr 0x00008000 align 2**12
         filesz 0x00000100 memsz 0x00001100 flags rw-

Sections:
Idx Name          Size      VMA       LMA       File off  Algn
  0 .text         00000164  00000000  00000000  00001000  2**2
                  CONTENTS, ALLOC, LOAD, READONLY, CODE
  1 .rodata       00000010  00000164  00000164  00001164  2**2
                  CONTENTS, ALLOC, LOAD, READONLY, DATA
  2 _test         00000100  00008000  00008000  00002000  2**0
                  ALLOC
  3 .data         00000000  00008100  00008100  00002100  2**0
                  CONTENTS, ALLOC, LOAD, DATA
  4 .bss          00000000  00008100  00008100  00002100  2**0
                  ALLOC
  5 .stack        00001000  00008100  00008100  00002100  2**0
                  ALLOC
  6 .comment      0000001a  00000000  00000000  00002100  2**0
                  CONTENTS, READONLY
SYMBOL TABLE:
00000000 l    d  .text	00000000 .text
00000164 l    d  .rodata	00000000 .rodata
00008000 l    d  _test	00000000 _test
00008100 l    d  .data	00000000 .data
00008100 l    d  .bss	00000000 .bss
00008100 l    d  .stack	00000000 .stack
00000000 l    d  .comment	00000000 .comment
00000000 l    df *ABS*	00000000 setup.o
00000084 l       .text	00000000 init_bss
00000104 l       .text	00000000 fill_block
0000009c l       .text	00000000 init_sbss
000000b4 l       .text	00000000 write_stack_pattern
000000cc l       .text	00000000 init_stack
000000d4 l       .text	00000000 write_test_pattern
000000ec l       .text	00000000 SystemInit
000000f0 l       .text	00000000 SystemExit
00000100 l       .text	00000000 dead_loop
00000114 l       .text	00000000 fb_end
00000000 l    df *ABS*	00000000 main.c
00008000 g       _test	00000000 _test_start
0000016c g       .rodata	00000000 sub1
00008100 g       _test	00000000 __sbss_start
00008900 g       _test	00000000 _gp
00008100 g       _test	00000000 _test_end
00000100 g       *ABS*	00000000 _TEST_SIZE
00000174 g       .rodata	00000000 __rodata_end
00000164 g       .rodata	00000000 add1
00008100 g       .bss	00000000 __bss_end
00008100 g       _test	00000000 __sbss_end
00000000 g       .text	00000000 _start
00000164 g       .rodata	00000000 __rodata_start
00008100 g       .data	00000000 __data_end
00008100 g       .bss	00000000 __bss_start
00001000 g       *ABS*	00000000 _STACK_SIZE
0000fffc g       .stack	00000000 _sim_end
00000118 g     F .text	0000004c main
00008100 g       .stack	00000000 _stack_end
00000170 g       .rodata	00000000 sub2
00009100 g       .stack	00000000 __stack
00010000 g       .stack	00000000 _end
00000168 g       .rodata	00000000 add2
00009100 g       .stack	00000000 _stack
00008100 g       .data	00000000 __data_start


Contents of section .text:
 0000 93000000 13010000 93010000 13020000  ................
 0010 93020000 13030000 93030000 13040000  ................
 0020 93040000 13050000 93050000 13060000  ................
 0030 93060000 13070000 93070000 13080000  ................
 0040 93080000 13090000 93090000 130a0000  ................
 0050 930a0000 130b0000 930b0000 130c0000  ................
 0060 930c0000 130d0000 930d0000 130e0000  ................
 0070 930e0000 130f0000 930f0000 97910000  ................
 0080 93814188 17850000 1305c507 97850000  ..A.............
 0090 93850507 13060000 ef00c006 17850000  ................
 00a0 13054506 97850000 93858505 13060000  ..E.............
 00b0 ef004005 17850000 1305c504 97950000  ..@.............
 00c0 93850504 13060000 ef00c003 17910000  ................
 00d0 13014103 17850000 1305c5f2 97850000  ..A.............
 00e0 93850502 13060000 ef00c001 ef00c002  ................
 00f0 97020100 9382c2f0 1303f0ff 23a06200  ............#.b.
 0100 6f000000 6378b500 2320c500 13054500  o...cx..# ....E.
 0110 6ff05fff 67800000 130101ff 23268100  o._.g.......#&..
 0120 13040101 07274016 87278016 d377f700  .....'@..'...w..
 0130 b7870000 27a0f700 0727c016 87270017  ....'....'...'..
 0140 b7870000 93874700 d377f708 27a0f700  ......G..w..'...
 0150 93070000 13850700 0324c100 13010101  .........$......
 0160 67800000                             g...            
Contents of section .rodata:
 0164 e744b442 11c7c7c2 e744b442 11c7c7c2  .D.B.....D.B....
Contents of section .comment:
 0000 4743433a 2028474e 55292037 2e312e31  GCC: (GNU) 7.1.1
 0010 20323031 37303530 3900                20170509.      

Disassembly of section .text:

00000000 <_start>:
   0:	00000093          	li	ra,0
   4:	00000113          	li	sp,0
   8:	00000193          	li	gp,0
   c:	00000213          	li	tp,0
  10:	00000293          	li	t0,0
  14:	00000313          	li	t1,0
  18:	00000393          	li	t2,0
  1c:	00000413          	li	s0,0
  20:	00000493          	li	s1,0
  24:	00000513          	li	a0,0
  28:	00000593          	li	a1,0
  2c:	00000613          	li	a2,0
  30:	00000693          	li	a3,0
  34:	00000713          	li	a4,0
  38:	00000793          	li	a5,0
  3c:	00000813          	li	a6,0
  40:	00000893          	li	a7,0
  44:	00000913          	li	s2,0
  48:	00000993          	li	s3,0
  4c:	00000a13          	li	s4,0
  50:	00000a93          	li	s5,0
  54:	00000b13          	li	s6,0
  58:	00000b93          	li	s7,0
  5c:	00000c13          	li	s8,0
  60:	00000c93          	li	s9,0
  64:	00000d13          	li	s10,0
  68:	00000d93          	li	s11,0
  6c:	00000e13          	li	t3,0
  70:	00000e93          	li	t4,0
  74:	00000f13          	li	t5,0
  78:	00000f93          	li	t6,0
  7c:	00009197          	auipc	gp,0x9
  80:	88418193          	addi	gp,gp,-1916 # 8900 <_gp>

00000084 <init_bss>:
  84:	00008517          	auipc	a0,0x8
  88:	07c50513          	addi	a0,a0,124 # 8100 <__sbss_end>
  8c:	00008597          	auipc	a1,0x8
  90:	07058593          	addi	a1,a1,112 # 80fc <_test_start+0xfc>
  94:	00000613          	li	a2,0
  98:	06c000ef          	jal	ra,104 <fill_block>

0000009c <init_sbss>:
  9c:	00008517          	auipc	a0,0x8
  a0:	06450513          	addi	a0,a0,100 # 8100 <__sbss_end>
  a4:	00008597          	auipc	a1,0x8
  a8:	05858593          	addi	a1,a1,88 # 80fc <_test_start+0xfc>
  ac:	00000613          	li	a2,0
  b0:	054000ef          	jal	ra,104 <fill_block>

000000b4 <write_stack_pattern>:
  b4:	00008517          	auipc	a0,0x8
  b8:	04c50513          	addi	a0,a0,76 # 8100 <__sbss_end>
  bc:	00009597          	auipc	a1,0x9
  c0:	04058593          	addi	a1,a1,64 # 90fc <_gp+0x7fc>
  c4:	00000613          	li	a2,0
  c8:	03c000ef          	jal	ra,104 <fill_block>

000000cc <init_stack>:
  cc:	00009117          	auipc	sp,0x9
  d0:	03410113          	addi	sp,sp,52 # 9100 <__stack>

000000d4 <write_test_pattern>:
  d4:	00008517          	auipc	a0,0x8
  d8:	f2c50513          	addi	a0,a0,-212 # 8000 <_test_start>
  dc:	00008597          	auipc	a1,0x8
  e0:	02058593          	addi	a1,a1,32 # 80fc <_test_start+0xfc>
  e4:	00000613          	li	a2,0
  e8:	01c000ef          	jal	ra,104 <fill_block>

000000ec <SystemInit>:
  ec:	02c000ef          	jal	ra,118 <main>

000000f0 <SystemExit>:
  f0:	00010297          	auipc	t0,0x10
  f4:	f0c28293          	addi	t0,t0,-244 # fffc <_sim_end>
  f8:	fff00313          	li	t1,-1
  fc:	0062a023          	sw	t1,0(t0)

00000100 <dead_loop>:
 100:	0000006f          	j	100 <dead_loop>

00000104 <fill_block>:
 104:	00b57863          	bleu	a1,a0,114 <fb_end>
 108:	00c52023          	sw	a2,0(a0)
 10c:	00450513          	addi	a0,a0,4
 110:	ff5ff06f          	j	104 <fill_block>

00000114 <fb_end>:
 114:	00008067          	ret

00000118 <main>:
 118:	ff010113          	addi	sp,sp,-16
 11c:	00812623          	sw	s0,12(sp)
 120:	01010413          	addi	s0,sp,16
 124:	16402707          	flw	fa4,356(zero) # 164 <__rodata_start>
 128:	16802787          	flw	fa5,360(zero) # 168 <add2>
 12c:	00f777d3          	fadd.s	fa5,fa4,fa5
 130:	000087b7          	lui	a5,0x8
 134:	00f7a027          	fsw	fa5,0(a5) # 8000 <_test_start>
 138:	16c02707          	flw	fa4,364(zero) # 16c <sub1>
 13c:	17002787          	flw	fa5,368(zero) # 170 <sub2>
 140:	000087b7          	lui	a5,0x8
 144:	00478793          	addi	a5,a5,4 # 8004 <_test_start+0x4>
 148:	08f777d3          	fsub.s	fa5,fa4,fa5
 14c:	00f7a027          	fsw	fa5,0(a5)
 150:	00000793          	li	a5,0
 154:	00078513          	mv	a0,a5
 158:	00c12403          	lw	s0,12(sp)
 15c:	01010113          	addi	sp,sp,16
 160:	00008067          	ret
